17:56:44 INFO  : Registering command handlers for SDK TCF services
17:56:46 INFO  : Launching XSCT server: xsct.bat -interactive C:\Users\HQ_home\Desktop\PR_VCU128_SDK_new\temp_xsdb_launch_script.tcl
17:56:49 INFO  : XSCT server has started successfully.
17:56:49 INFO  : Successfully done setting XSCT server connection channel  
17:56:49 INFO  : Successfully done setting SDK workspace  
17:58:53 INFO  : Project 'top_hw_platform_new' created. You can now create BSPs and application projects targeting this hardware platform.
18:33:57 INFO  : Registering command handlers for SDK TCF services
18:33:58 INFO  : Launching XSCT server: xsct.bat -interactive C:\Users\HQ_home\Desktop\Git\PR_VCU128_SDK\temp_xsdb_launch_script.tcl
18:34:01 INFO  : XSCT server has started successfully.
18:34:02 INFO  : Successfully done setting XSCT server connection channel  
18:34:02 INFO  : Successfully done setting SDK workspace  
19:07:32 INFO  : Registering command handlers for SDK TCF services
19:07:33 INFO  : Launching XSCT server: xsct.bat -interactive C:\Users\HQ_home\Desktop\Git\PR_VCU128_SDK\temp_xsdb_launch_script.tcl
19:07:36 INFO  : XSCT server has started successfully.
19:07:36 INFO  : Successfully done setting XSCT server connection channel  
19:07:36 INFO  : Successfully done setting SDK workspace  
20:00:23 INFO  : Registering command handlers for SDK TCF services
20:00:23 INFO  : Launching XSCT server: xsct.bat -interactive C:\Users\HQ_home\Desktop\Git\PR_VCU128_SDK\temp_xsdb_launch_script.tcl
20:00:26 INFO  : XSCT server has started successfully.
20:00:27 INFO  : Successfully done setting XSCT server connection channel  
20:00:27 INFO  : Successfully done setting SDK workspace  
20:09:50 INFO  : Registering command handlers for SDK TCF services
20:09:51 INFO  : Launching XSCT server: xsct.bat -interactive C:\Users\HQ_home\Desktop\Git\PR_VCU128_SDK\temp_xsdb_launch_script.tcl
20:09:55 INFO  : XSCT server has started successfully.
20:09:55 INFO  : Successfully done setting XSCT server connection channel  
20:09:55 INFO  : Successfully done setting SDK workspace  
